<?xml version="1.0" encoding="UTF-8"?>
<testsuite xmlns:xsi="http://www.w3.org/2001/XMLSchema-instance" xsi:noNamespaceSchemaLocation="https://maven.apache.org/surefire/maven-surefire-plugin/xsd/surefire-test-report-3.0.xsd" version="3.0" name="edu.upc.etsetb.poo.basededatos.casosdeuso.ControladorTest" time="1.046" tests="10" errors="0" skipped="0" failures="0">
  <properties>
[...]
</properties>
  <testcase name="test01_Constructor" classname="edu.upc.etsetb.poo.basededatos.casosdeuso.ControladorTest" time="0.827">
    <system-out><![CDATA[
Corrigiendo clase Controlador.

	Controlador::Controlador(nombre,esquema). Valor: 0.25
	Test 1: comprobación de que el atributo 'iu' existe
	Test 2: comprobación de que el atributo 'iu' tiene un valor null
	Test 3: comprobación de que el atributo 'tablas' existe
	Test 4: comprobación de que el atributo 'tablas' es un mapa
	Test 5: comprobación de que el valor de 'tablas' NO es null
	Test 6: comprobación de que el mapa 'tablas' está vació
		Puntos obtenidos: 0.25. Puntos acumulados: 0.25
]]></system-out>
  </testcase>
  <testcase name="test02_setIu" classname="edu.upc.etsetb.poo.basededatos.casosdeuso.ControladorTest" time="0.001">
    <system-out><![CDATA[
	Controlador::setIu(iu). Valor: 0.25
		Puntos obtenidos: 0.25. Puntos acumulados: 0.5
]]></system-out>
  </testcase>
  <testcase name="test03_creaTabla" classname="edu.upc.etsetb.poo.basededatos.casosdeuso.ControladorTest" time="0.014">
    <system-out><![CDATA[
	Controlador::creaTabla(). Valor: 1.5
	Test 1: comando de menos de 3 palabras
	Test 2: comando con dos claves idénticas
	Test 3: tabla con nombre ya asociado a otra tabla existente
	Test 4: comando correcto
		Puntos obtenidos: 1.5. Puntos acumulados: 2.0
]]></system-out>
  </testcase>
  <testcase name="test04_anyadir" classname="edu.upc.etsetb.poo.basededatos.casosdeuso.ControladorTest" time="0.004">
    <system-out><![CDATA[
	Controlador::anyadir(). Valor: 1.5
	Test 1: comando de menos de 3 palabras
	Test 2: el nombre de la tabla es incorrecto
	Test 3: hay una clave errónea
	Test 4: comando correcto. Se añade una fila
	Test 5: valor de clave única repetida
		Puntos obtenidos: 1.5. Puntos acumulados: 3.5
]]></system-out>
  </testcase>
  <testcase name="test05_getCabeceras" classname="edu.upc.etsetb.poo.basededatos.casosdeuso.ControladorTest" time="0.003">
    <system-out><![CDATA[
	Controlador::getCabeceras(). Valor: 0.25
		Puntos obtenidos: 0.25. Puntos acumulados: 3.75
]]></system-out>
  </testcase>
  <testcase name="test06_interpretaCriterio" classname="edu.upc.etsetb.poo.basededatos.casosdeuso.ControladorTest" time="0.002">
    <system-out><![CDATA[
	Controlador::interpretaCriterio(). Valor: 1.25
	Test 1: comando de menos de 3 palabras
	Test 2: comando no contiene el símbolo de ningún criterio válido
	Test 3: comando contiene el símbolo = (CriterioIgual)
	Test 4: comprobando atributo 'nombreClave' de objeto CriterioIgual
	Test 5: comprobando atributo 'valorAComprobar' de objeto CriterioIgual
	Test 6: comando contiene el símbolo = (CriterioIgual)
	Test 7: comprobando atributo 'nombreClave' de objeto CriterioContiene
	Test 8: comprobando atributo 'valorAComprobar' de objeto CriterioContiene
	Test 9: comando contiene el símbolo > (CriterioMayorQue)
	Test 10: comprobando atributo 'nombreClave' de objeto CriterioMayorQue
	Test 11: comprobando atributo 'valorAComprobar' de objeto CriterioMayorQue
	Test 12: comando contiene el símbolo < (CriterioMenorQue)
	Test 13: comprobando atributo 'nombreClave' de objeto CriterioMenorQue
	Test 14: comprobando atributo 'valorAComprobar' de objeto CriterioMenorQue
		Puntos obtenidos: 1.25. Puntos acumulados: 5.0
]]></system-out>
  </testcase>
  <testcase name="test07_buscar" classname="edu.upc.etsetb.poo.basededatos.casosdeuso.ControladorTest" time="0.001">
    <system-out><![CDATA[
	Controlador::buscar(). Valor: 1.5
	Test 1: intento de búsqueda en tabla que NO existe
	Test 2: intento de búsqueda sin criterio
	Test 3: intento de búsqueda con criterio = NO numérico
	Test 4: intento de búsqueda con criterio = numérico
	Test 5: intento de búsqueda con criterio > numérico
	Test 6: intento de búsqueda con criterio < numérico
	Test 7: intento de búsqueda con criterio # (contiene)
		Puntos obtenidos: 1.5. Puntos acumulados: 6.5
]]></system-out>
  </testcase>
  <testcase name="test08_eliminar" classname="edu.upc.etsetb.poo.basededatos.casosdeuso.ControladorTest" time="0.006">
    <system-out><![CDATA[
	Controlador::eliminar(). Valor: 1.5
	Test 1: error en formato de comando
	Test 2: intento de búsqueda en tabla que NO existe
	Test 3: intento de eliminación con criterio = NO numérico
	Test 4: intento de búsqueda con criterio = numérico
	Test 5: intento de búsqueda con criterio > numérico
	Test 6: intento de búsqueda con criterio < numérico
	Test 7: intento de búsqueda con criterio # (contiene)
		Puntos obtenidos: 1.5. Puntos acumulados: 8.0
]]></system-out>
  </testcase>
  <testcase name="test09_ordenar" classname="edu.upc.etsetb.poo.basededatos.casosdeuso.ControladorTest" time="0.004">
    <system-out><![CDATA[
	Controlador::ordenar(). Valor: 1.0
	Test 1: intento de ordenar una tabla inexistente
	Test 2: intento de ordenar por una columna inexistente
	Test 3: intento de ordenación ascendente
	Test 4: intento de ordenación descendente
		Puntos obtenidos: 1.0. Puntos acumulados: 9.0
]]></system-out>
  </testcase>
  <testcase name="test10_exportar" classname="edu.upc.etsetb.poo.basededatos.casosdeuso.ControladorTest" time="0.023">
    <system-out><![CDATA[
	Controlador::exporta(). Valor: 1.0
	Test 1: intento de exportar todas las tablas
		Puntos obtenidos: 1.0. Puntos acumulados: 10.0
]]></system-out>
  </testcase>
</testsuite>